\BOOKMARK [0][-]{chapter.1}{\376\377\000L\036\335\000i\000\040\000m\036\337\000\040\001\021\036\247\000u}{}% 1
\BOOKMARK [1][-]{section.1.1}{\376\377\000L\000\375\000\040\000d\000o\000\040\000c\000h\036\315\000n\000\040\001\021\036\301\000\040\000t\000\340\000i}{chapter.1}% 2
\BOOKMARK [1][-]{section.1.2}{\376\377\000M\036\345\000c\000\040\000t\000i\000\352\000u\000\040\000t\036\325\000n\000g\000\040\000q\000u\000\341\000t}{chapter.1}% 3
\BOOKMARK [1][-]{section.1.3}{\376\377\000M\036\345\000c\000\040\000t\000i\000\352\000u\000\040\000c\036\345\000\040\000t\000h\036\303}{chapter.1}% 4
\BOOKMARK [0][-]{chapter.2}{\376\377\000T\036\325\000n\000g\000\040\000q\000u\000a\000n\000\040\000h\036\307\000\040\000t\000h\036\321\000n\000g\000\040\000C\000r\000y\000p\000t\000o\000V\000a\000u\000l\000t}{}% 5
\BOOKMARK [1][-]{section.2.1}{\376\377\000B\036\321\000i\000\040\000c\036\243\000n\000h\000\040\000n\000g\000h\000i\036\307\000p\000\040\000v\036\345}{chapter.2}% 6
\BOOKMARK [1][-]{section.2.2}{\376\377\000P\000h\036\241\000m\000\040\000v\000i\000\040\001\021\036\301\000\040\000t\000\340\000i}{chapter.2}% 7
\BOOKMARK [2][-]{subsection.2.2.1}{\376\377\000P\000h\036\241\000m\000\040\000v\000i\000\040\000c\000h\036\351\000c\000\040\000n\001\003\000n\000g\000\040\000c\000\363\000\040\000t\000r\000o\000n\000g\000\040\000b\000\341\000o\000\040\000c\000\341\000o}{section.2.2}% 8
\BOOKMARK [2][-]{subsection.2.2.2}{\376\377\000P\000h\036\241\000m\000\040\000v\000i\000\040\000c\000h\036\351\000c\000\040\000n\001\003\000n\000g\000\040\000c\000h\001\260\000a\000\040\001\021\000i\000\040\000s\000\342\000u}{section.2.2}% 9
\BOOKMARK [1][-]{section.2.3}{\376\377\000T\036\307\000p\000\040\000v\000\340\000\040\000m\000o\000d\000u\000l\000e\000\040\000t\000h\000a\000m\000\040\000c\000h\000i\036\277\000u\000\040\000t\000r\000o\000n\000g\000\040\000r\000e\000p\000o}{chapter.2}% 10
\BOOKMARK [0][-]{chapter.3}{\376\377\000C\000\364\000n\000g\000\040\000n\000g\000h\036\307\000\040\000s\036\355\000\040\000d\036\345\000n\000g}{}% 11
\BOOKMARK [1][-]{section.3.1}{\376\377\000M\000o\000b\000i\000l\000e\000\040\000f\000r\000o\000n\000t\000e\000n\000d}{chapter.3}% 12
\BOOKMARK [2][-]{subsection.3.1.1}{\376\377\000R\000e\000a\000c\000t\000\040\000N\000a\000t\000i\000v\000e\000\040\000+\000\040\000E\000x\000p\000o}{section.3.1}% 13
\BOOKMARK [2][-]{subsection.3.1.2}{\376\377\000N\000g\000\364\000n\000\040\000n\000g\036\357\000\040\000v\000\340\000\040\000t\000h\001\260\000\040\000v\000i\036\307\000n\000\040\000l\000\365\000i}{section.3.1}% 14
\BOOKMARK [1][-]{section.3.2}{\376\377\000B\000a\000c\000k\000e\000n\000d}{chapter.3}% 15
\BOOKMARK [2][-]{subsection.3.2.1}{\376\377\000N\000o\000d\000e\000.\000j\000s\000/\000E\000x\000p\000r\000e\000s\000s\000\040\000c\000h\000o\000\040\000c\000r\000y\000p\000t\000o\000-\000v\000a\000u\000l\000t\000-\000s\000e\000r\000v\000e\000r}{section.3.2}% 16
\BOOKMARK [2][-]{subsection.3.2.2}{\376\377\000T\000y\000p\000e\000S\000c\000r\000i\000p\000t\000\040\000s\000e\000r\000v\000i\000c\000e\000\040\000c\000h\000o\000\040\000p\0002\000p\000-\000b\000a\000c\000k\000e\000n\000d}{section.3.2}% 17
\BOOKMARK [1][-]{section.3.3}{\376\377\000D\036\357\000\040\000l\000i\036\307\000u\000\040\000v\000\340\000\040\000d\036\313\000c\000h\000\040\000v\036\345\000\040\000n\036\301\000n}{chapter.3}% 18
\BOOKMARK [2][-]{subsection.3.3.1}{\376\377\000S\000u\000p\000a\000b\000a\000s\000e}{section.3.3}% 19
\BOOKMARK [2][-]{subsection.3.3.2}{\376\377\000B\000l\000o\000c\000k\000c\000h\000a\000i\000n\000\040\000v\000\340\000\040\000h\036\343\000p\000\040\001\021\036\323\000n\000g}{section.3.3}% 20
\BOOKMARK [0][-]{chapter.4}{\376\377\000N\036\301\000n\000\040\000t\036\243\000n\000g\000\040\000C\000r\000y\000p\000t\000o\000\040\000v\000\340\000\040\000L\000u\036\323\000n\000g\000\040\000O\000n\000-\000c\000h\000a\000i\000n}{}% 21
\BOOKMARK [1][-]{section.4.1}{\376\377\000C\000r\000y\000p\000t\000o\000\040\000l\000\340\000\040\000g\000\354\000?}{chapter.4}% 22
\BOOKMARK [2][-]{subsection.4.1.1}{\376\377\000K\000h\000\341\000i\000\040\000n\000i\036\307\000m\000\040\000c\001\241\000\040\000b\036\243\000n}{section.4.1}% 23
\BOOKMARK [2][-]{subsection.4.1.2}{\376\377\000T\000h\000\340\000n\000h\000\040\000p\000h\036\247\000n\000\040\000k\036\371\000\040\000t\000h\000u\036\255\000t\000\040\000q\000u\000a\000n\000\040\000t\000r\036\315\000n\000g}{section.4.1}% 24
\BOOKMARK [1][-]{section.4.2}{\376\377\000B\000l\000o\000c\000k\000c\000h\000a\000i\000n\000\040\000l\000\340\000\040\000g\000\354\000\040\000v\000\340\000\040\000v\000\354\000\040\000s\000a\000o\000\040\000q\000u\000a\000n\000\040\000t\000r\036\315\000n\000g\000\040\000v\036\333\000i\000\040\000h\036\307\000\040\000t\000h\036\321\000n\000g}{chapter.4}% 25
\BOOKMARK [1][-]{section.4.3}{\376\377\000L\000u\036\323\000n\000g\000\040\000g\000i\000a\000o\000\040\000d\036\313\000c\000h\000\040\000t\036\353\000\040\036\351\000n\000g\000\040\000d\036\345\000n\000g\000\040\000l\000\352\000n\000\040\000b\000l\000o\000c\000k\000c\000h\000a\000i\000n}{chapter.4}% 26
\BOOKMARK [2][-]{subsection.4.3.1}{\376\377\000L\000u\036\323\000n\000g\000\040\000t\036\325\000n\000g\000\040\000q\000u\000\341\000t}{section.4.3}% 27
\BOOKMARK [2][-]{subsection.4.3.2}{\376\377\000L\000u\036\323\000n\000g\000\040\000c\000h\000i\000\040\000t\000i\036\277\000t\000\040\000c\000h\000o\000\040\000N\000F\000T\000\040\000t\000r\000o\000n\000g\000\040\000C\000r\000y\000p\000t\000o\000V\000a\000u\000l\000t}{section.4.3}% 28
\BOOKMARK [2][-]{subsection.4.3.3}{\376\377\000L\000u\036\323\000n\000g\000\040\000c\000h\000i\000\040\000t\000i\036\277\000t\000\040\000c\000h\000o\000\040\000A\000u\000c\000t\000i\000o\000n}{section.4.3}% 29
\BOOKMARK [2][-]{subsection.4.3.4}{\376\377\000L\000u\036\323\000n\000g\000\040\000P\0002\000P\000\040\000\050\000o\000f\000f\000-\000c\000h\000a\000i\000n\000\040\000s\000t\000a\000t\000e\000\040\000+\000\040\000t\000\340\000i\000\040\000c\000h\000\355\000n\000h\000\040\000c\000\363\000\040\000k\000i\036\303\000m\000\040\000s\000o\000\341\000t\000\051}{section.4.3}% 30
\BOOKMARK [1][-]{section.4.4}{\376\377\000L\000u\036\323\000n\000g\000\040\000t\000h\000e\000o\000\040\000t\036\353\000n\000g\000\040\000m\036\241\000n\000g\000\040\001\021\000a\000n\000g\000\040\000h\036\327\000\040\000t\000r\036\343}{chapter.4}% 31
\BOOKMARK [2][-]{subsection.4.4.1}{\376\377\000M\036\241\000n\000g\000\040\000T\000O\000N\000\040\000\050\001\021\000a\000n\000g\000\040\000l\000\340\000\040\000t\000r\036\315\000n\000g\000\040\000t\000\342\000m\000\040\000t\000r\000i\036\303\000n\000\040\000k\000h\000a\000i\000\040\000t\000h\036\361\000c\000\040\000t\036\277\000\051}{section.4.4}% 32
\BOOKMARK [2][-]{subsection.4.4.2}{\376\377\000N\000h\000\363\000m\000\040\000m\036\241\000n\000g\000\040\000E\000V\000M\000\040\000\050\000h\036\327\000\040\000t\000r\036\343\000\040\000t\000r\000o\000n\000g\000\040\001\021\036\313\000n\000h\000\040\000h\001\260\036\333\000n\000g\000\040\000k\000i\036\277\000n\000\040\000t\000r\000\372\000c\000\040\000v\000\340\000\040\000m\036\331\000t\000\040\000p\000h\036\247\000n\000\040\000l\000u\036\323\000n\000g\000\040\036\351\000n\000g\000\040\000d\036\345\000n\000g\000\051}{section.4.4}% 33
\BOOKMARK [2][-]{subsection.4.4.3}{\376\377\000M\036\241\000n\000g\000\040\000S\000o\000l\000a\000n\000a\000\040\000\050\001\021\036\313\000n\000h\000\040\000h\001\260\036\333\000n\000g\000\040\000m\036\337\000\040\000r\036\331\000n\000g\000\040\000t\000i\036\277\000p\000\040\000t\000h\000e\000o\000\051}{section.4.4}% 34
\BOOKMARK [1][-]{section.4.5}{\376\377\000C\000\341\000c\000\040\001\021\036\321\000i\000\040\000t\001\260\036\343\000n\000g\000\040\000t\000r\000o\000n\000g\000\040\000h\036\307\000\040\000t\000h\036\321\000n\000g\000\040\000v\000\340\000\040\000v\000a\000i\000\040\000t\000r\000\362\000\040\000s\036\355\000\040\000d\036\345\000n\000g}{chapter.4}% 35
\BOOKMARK [2][-]{subsection.4.5.1}{\376\377\000N\000h\000\363\000m\000\040\001\021\036\321\000i\000\040\000t\001\260\036\343\000n\000g\000\040\000n\000g\000h\000i\036\307\000p\000\040\000v\036\345}{section.4.5}% 36
\BOOKMARK [2][-]{subsection.4.5.2}{\376\377\000N\000h\000\363\000m\000\040\001\021\036\321\000i\000\040\000t\001\260\036\343\000n\000g\000\040\000k\036\371\000\040\000t\000h\000u\036\255\000t\000\040\000\050\000h\036\307\000\040\000t\000h\036\321\000n\000g\000\040\000c\000o\000n\000\051}{section.4.5}% 37
\BOOKMARK [1][-]{section.4.6}{\376\377\000P\000h\000\342\000n\000\040\000r\000\343\000\040\000t\000r\000\341\000c\000h\000\040\000n\000h\000i\036\307\000m\000\040\000t\000h\000e\000o\000\040\000l\000u\036\323\000n\000g\000\040\000n\000g\000h\000i\036\307\000p\000\040\000v\036\345}{chapter.4}% 38
\BOOKMARK [2][-]{subsection.4.6.1}{\376\377\000L\000u\036\323\000n\000g\000\040\000m\000i\000n\000t\000\040\000N\000F\000T}{section.4.6}% 39
\BOOKMARK [2][-]{subsection.4.6.2}{\376\377\000L\000u\036\323\000n\000g\000\040\000r\000e\000l\000e\000a\000s\000e\000\040\000P\0002\000P}{section.4.6}% 40
\BOOKMARK [1][-]{section.4.7}{\376\377\000M\036\321\000i\000\040\000q\000u\000a\000n\000\040\000h\036\307\000\040\000g\000i\036\357\000a\000\040\000l\000u\036\323\000n\000g\000\040\000o\000n\000-\000c\000h\000a\000i\000n\000\040\000v\000\340\000\040\000o\000f\000f\000-\000c\000h\000a\000i\000n}{chapter.4}% 41
\BOOKMARK [0][-]{chapter.5}{\376\377\000P\000h\000\342\000n\000\040\000t\000\355\000c\000h\000\040\000y\000\352\000u\000\040\000c\036\247\000u\000\040\000h\036\307\000\040\000t\000h\036\321\000n\000g}{}% 42
\BOOKMARK [1][-]{section.5.1}{\376\377\000T\000\341\000c\000\040\000n\000h\000\342\000n\000\040\000c\036\347\000a\000\040\000h\036\307\000\040\000t\000h\036\321\000n\000g}{chapter.5}% 43
\BOOKMARK [1][-]{section.5.2}{\376\377\000Y\000\352\000u\000\040\000c\036\247\000u\000\040\000c\000h\036\351\000c\000\040\000n\001\003\000n\000g\000\040\000t\036\325\000n\000g\000\040\000q\000u\000\341\000t}{chapter.5}% 44
\BOOKMARK [2][-]{subsection.5.2.1}{\376\377\000K\000h\036\321\000i\000\040\000x\000\341\000c\000\040\000t\000h\036\361\000c\000\040\000v\000\340\000\040\000p\000h\000i\000\352\000n}{section.5.2}% 45
\BOOKMARK [2][-]{subsection.5.2.2}{\376\377\000K\000h\036\321\000i\000\040\000N\000F\000T\000\040\000m\000a\000r\000k\000e\000t\000p\000l\000a\000c\000e}{section.5.2}% 46
\BOOKMARK [2][-]{subsection.5.2.3}{\376\377\000K\000h\036\321\000i\000\040\000P\0002\000P\000\040\000m\000a\000r\000k\000e\000t\000p\000l\000a\000c\000e}{section.5.2}% 47
\BOOKMARK [1][-]{section.5.3}{\376\377\000Y\000\352\000u\000\040\000c\036\247\000u\000\040\000p\000h\000i\000\040\000c\000h\036\351\000c\000\040\000n\001\003\000n\000g}{chapter.5}% 48
\BOOKMARK [2][-]{subsection.5.3.1}{\376\377\000A\000n\000\040\000t\000o\000\340\000n\000\040\000g\000i\000a\000o\000\040\000d\036\313\000c\000h}{section.5.3}% 49
\BOOKMARK [2][-]{subsection.5.3.2}{\376\377\000H\000i\036\307\000u\000\040\000n\001\003\000n\000g}{section.5.3}% 50
\BOOKMARK [2][-]{subsection.5.3.3}{\376\377\000K\000h\036\243\000\040\000n\001\003\000n\000g\000\040\000m\036\337\000\040\000r\036\331\000n\000g}{section.5.3}% 51
\BOOKMARK [0][-]{chapter.6}{\376\377\000T\000h\000i\036\277\000t\000\040\000k\036\277\000\040\000k\000i\036\277\000n\000\040\000t\000r\000\372\000c}{}% 52
\BOOKMARK [1][-]{section.6.1}{\376\377\000B\000i\036\303\000u\000\040\001\021\036\323\000\040\000k\000i\036\277\000n\000\040\000t\000r\000\372\000c\000\040\000m\036\351\000c\000\040\000c\000a\000o}{chapter.6}% 53
\BOOKMARK [1][-]{section.6.2}{\376\377\000T\000h\000i\036\277\000t\000\040\000k\036\277\000\040\000f\000r\000o\000n\000t\000e\000n\000d}{chapter.6}% 54
\BOOKMARK [2][-]{subsection.6.2.1}{\376\377\000N\000g\000u\000y\000\352\000n\000\040\000t\036\257\000c\000\040\000t\036\325\000\040\000c\000h\036\351\000c\000\040\000m\000\343}{section.6.2}% 55
\BOOKMARK [2][-]{subsection.6.2.2}{\376\377\000V\000a\000i\000\040\000t\000r\000\362\000\040\000c\000\341\000c\000\040\000l\036\333\000p}{section.6.2}% 56
\BOOKMARK [1][-]{section.6.3}{\376\377\000T\000h\000i\036\277\000t\000\040\000k\036\277\000\040\000b\000a\000c\000k\000e\000n\000d\000\040\000t\000h\000e\000o\000\040\000d\036\313\000c\000h\000\040\000v\036\345}{chapter.6}% 57
\BOOKMARK [2][-]{subsection.6.3.1}{\376\377\000B\000a\000c\000k\000e\000n\000d\000\040\000c\000h\000\355\000n\000h\000\040\000c\000r\000y\000p\000t\000o\000-\000v\000a\000u\000l\000t\000-\000s\000e\000r\000v\000e\000r}{section.6.3}% 58
\BOOKMARK [2][-]{subsection.6.3.2}{\376\377\000B\000a\000c\000k\000e\000n\000d\000\040\000P\0002\000P\000\040\000p\0002\000p\000-\000b\000a\000c\000k\000e\000n\000d}{section.6.3}% 59
\BOOKMARK [1][-]{section.6.4}{\376\377\000T\000h\000i\036\277\000t\000\040\000k\036\277\000\040\000k\000i\036\277\000n\000\040\000t\000r\000\372\000c\000\040\000r\000e\000a\000l\000t\000i\000m\000e\000\040\000v\000\340\000\040\000m\036\337\000\040\000r\036\331\000n\000g}{chapter.6}% 60
\BOOKMARK [0][-]{chapter.7}{\376\377\001\020\036\267\000c\000\040\000t\036\243\000\040\000U\000s\000e\000\040\000C\000a\000s\000e}{}% 61
\BOOKMARK [1][-]{section.7.1}{\376\377\000U\000s\000e\000\040\000c\000a\000s\000e\000\040\000t\036\325\000n\000g\000\040\000q\000u\000\341\000t}{chapter.7}% 62
\BOOKMARK [1][-]{section.7.2}{\376\377\000U\000s\000e\000\040\000c\000a\000s\000e\000\040\001\020\001\003\000n\000g\000\040\000n\000h\036\255\000p\000\040\000v\000\355}{chapter.7}% 63
\BOOKMARK [2][-]{subsection.7.2.1}{\376\377\000M\036\345\000c\000\040\000t\000i\000\352\000u}{section.7.2}% 64
\BOOKMARK [2][-]{subsection.7.2.2}{\376\377\000D\036\357\000\040\000l\000i\036\307\000u\000\040\000v\000\340\000o}{section.7.2}% 65
\BOOKMARK [2][-]{subsection.7.2.3}{\376\377\000L\000u\036\323\000n\000g\000\040\000c\000h\000\355\000n\000h}{section.7.2}% 66
\BOOKMARK [2][-]{subsection.7.2.4}{\376\377\000L\000u\036\323\000n\000g\000\040\000l\036\327\000i}{section.7.2}% 67
\BOOKMARK [1][-]{section.7.3}{\376\377\000U\000s\000e\000\040\000c\000a\000s\000e\000\040\000M\000i\000n\000t\000\040\000N\000F\000T}{chapter.7}% 68
\BOOKMARK [2][-]{subsection.7.3.1}{\376\377\000M\036\345\000c\000\040\000t\000i\000\352\000u}{section.7.3}% 69
\BOOKMARK [2][-]{subsection.7.3.2}{\376\377\000L\000u\036\323\000n\000g\000\040\000c\000h\000\355\000n\000h}{section.7.3}% 70
\BOOKMARK [2][-]{subsection.7.3.3}{\376\377\000L\000u\036\323\000n\000g\000\040\000l\036\327\000i}{section.7.3}% 71
\BOOKMARK [1][-]{section.7.4}{\376\377\000U\000s\000e\000\040\000c\000a\000s\000e\000\040\000T\036\241\000o\000\040\000v\000\340\000\040\000q\000u\036\243\000n\000\040\000l\000\375\000\040\000A\000u\000c\000t\000i\000o\000n}{chapter.7}% 72
\BOOKMARK [2][-]{subsection.7.4.1}{\376\377\000M\036\345\000c\000\040\000t\000i\000\352\000u}{section.7.4}% 73
\BOOKMARK [2][-]{subsection.7.4.2}{\376\377\000L\000u\036\323\000n\000g\000\040\000c\000h\000\355\000n\000h}{section.7.4}% 74
\BOOKMARK [1][-]{section.7.5}{\376\377\000U\000s\000e\000\040\000c\000a\000s\000e\000\040\000T\036\241\000o\000\040\000q\000u\036\243\000n\000g\000\040\000c\000\341\000o\000\040\000P\0002\000P}{chapter.7}% 75
\BOOKMARK [2][-]{subsection.7.5.1}{\376\377\000M\036\345\000c\000\040\000t\000i\000\352\000u}{section.7.5}% 76
\BOOKMARK [2][-]{subsection.7.5.2}{\376\377\000D\036\357\000\040\000l\000i\036\307\000u\000\040\000v\000\340\000o\000\040\000c\001\241\000\040\000b\036\243\000n}{section.7.5}% 77
\BOOKMARK [2][-]{subsection.7.5.3}{\376\377\000L\000u\036\323\000n\000g\000\040\000c\000h\000\355\000n\000h}{section.7.5}% 78
\BOOKMARK [1][-]{section.7.6}{\376\377\000U\000s\000e\000\040\000c\000a\000s\000e\000\040\000T\036\241\000o\000\040\001\021\001\241\000n\000\040\000P\0002\000P}{chapter.7}% 79
\BOOKMARK [2][-]{subsection.7.6.1}{\376\377\000M\036\345\000c\000\040\000t\000i\000\352\000u}{section.7.6}% 80
\BOOKMARK [2][-]{subsection.7.6.2}{\376\377\000L\000u\036\323\000n\000g\000\040\000c\000h\000\355\000n\000h}{section.7.6}% 81
\BOOKMARK [1][-]{section.7.7}{\376\377\000U\000s\000e\000\040\000c\000a\000s\000e\000\040\000X\000\341\000c\000\040\000n\000h\036\255\000n\000\040\001\021\000\343\000\040\000t\000h\000a\000n\000h\000\040\000t\000o\000\341\000n}{chapter.7}% 82
\BOOKMARK [2][-]{subsection.7.7.1}{\376\377\000L\000u\036\323\000n\000g\000\040\000c\000h\000\355\000n\000h}{section.7.7}% 83
\BOOKMARK [1][-]{section.7.8}{\376\377\000U\000s\000e\000\040\000c\000a\000s\000e\000\040\000R\000e\000l\000e\000a\000s\000e\000\040\000t\000\340\000i\000\040\000s\036\243\000n}{chapter.7}% 84
\BOOKMARK [2][-]{subsection.7.8.1}{\376\377\000M\036\345\000c\000\040\000t\000i\000\352\000u}{section.7.8}% 85
\BOOKMARK [2][-]{subsection.7.8.2}{\376\377\000L\000u\036\323\000n\000g\000\040\000c\000h\000\355\000n\000h}{section.7.8}% 86
\BOOKMARK [2][-]{subsection.7.8.3}{\376\377\000L\000u\036\323\000n\000g\000\040\000l\036\327\000i\000\040\000v\000\340\000\040\000c\000h\036\321\000n\000g\000\040\000l\036\267\000p}{section.7.8}% 87
\BOOKMARK [0][-]{chapter.8}{\376\377\000B\000i\036\303\000u\000\040\001\021\036\323\000\040\000t\000u\036\247\000n\000\040\000t\036\361\000\040\000n\000g\000h\000i\036\307\000p\000\040\000v\036\345}{}% 88
\BOOKMARK [1][-]{section.8.1}{\376\377\000B\000i\036\303\000u\000\040\001\021\036\323\000\040\000t\000u\036\247\000n\000\040\000t\036\361\000\040\001\020\001\003\000n\000g\000\040\000n\000h\036\255\000p\000\040\000v\000\355}{chapter.8}% 89
\BOOKMARK [1][-]{section.8.2}{\376\377\000B\000i\036\303\000u\000\040\001\021\036\323\000\040\000t\000u\036\247\000n\000\040\000t\036\361\000\040\000M\000i\000n\000t\000\040\000N\000F\000T}{chapter.8}% 90
\BOOKMARK [1][-]{section.8.3}{\376\377\000B\000i\036\303\000u\000\040\001\021\036\323\000\040\000t\000u\036\247\000n\000\040\000t\036\361\000\040\000R\000e\000l\000e\000a\000s\000e\000\040\000P\0002\000P}{chapter.8}% 91
\BOOKMARK [0][-]{chapter.9}{\376\377\001\020\036\267\000c\000\040\000t\036\243\000\040\000A\000P\000I\000\040\000c\000h\000i\000\040\000t\000i\036\277\000t}{}% 92
\BOOKMARK [1][-]{section.9.1}{\376\377\000N\000g\000u\000y\000\352\000n\000\040\000t\036\257\000c\000\040\000t\000h\000i\036\277\000t\000\040\000k\036\277\000\040\000A\000P\000I}{chapter.9}% 93
\BOOKMARK [1][-]{section.9.2}{\376\377\000B\036\243\000n\000g\000\040\001\021\036\267\000c\000\040\000t\036\243\000\040\000n\000h\000\363\000m\000\040\000N\000F\000T\000/\000A\000u\000c\000t\000i\000o\000n}{chapter.9}% 94
\BOOKMARK [1][-]{section.9.3}{\376\377\000B\036\243\000n\000g\000\040\001\021\036\267\000c\000\040\000t\036\243\000\040\000n\000h\000\363\000m\000\040\000P\0002\000P}{chapter.9}% 95
\BOOKMARK [0][-]{chapter.10}{\376\377\000T\000h\000i\036\277\000t\000\040\000k\036\277\000\040\000d\036\357\000\040\000l\000i\036\307\000u}{}% 96
\BOOKMARK [1][-]{section.10.1}{\376\377\000M\036\345\000c\000\040\000t\000i\000\352\000u\000\040\000t\000h\000i\036\277\000t\000\040\000k\036\277\000\040\000d\036\357\000\040\000l\000i\036\307\000u}{chapter.10}% 97
\BOOKMARK [1][-]{section.10.2}{\376\377\000N\000h\000\363\000m\000\040\000b\036\243\000n\000g\000\040\000n\000g\000h\000i\036\307\000p\000\040\000v\036\345\000\040\000c\000h\000\355\000n\000h\000\040\000\050\000m\000\364\000\040\000t\036\243\000\040\000k\000h\000\341\000i\000\040\000n\000i\036\307\000m\000\051}{chapter.10}% 98
\BOOKMARK [1][-]{section.10.3}{\376\377\000M\000\364\000\040\000h\000\354\000n\000h\000\040\000t\000r\036\241\000n\000g\000\040\000t\000h\000\341\000i\000\040\001\021\001\241\000n\000\040\000P\0002\000P}{chapter.10}% 99
\BOOKMARK [1][-]{section.10.4}{\376\377\000R\000P\000C\000\040\000t\000r\036\315\000n\000g\000\040\000y\036\277\000u\000\040\000t\000r\000o\000n\000g\000\040\000P\0002\000P}{chapter.10}% 100
\BOOKMARK [1][-]{section.10.5}{\376\377\000V\000\354\000\040\000s\000a\000o\000\040\000p\000h\036\243\000i\000\040\000d\000\371\000n\000g\000\040\000R\000P\000C\000\040\000t\000h\000a\000y\000\040\000v\000\354\000\040\000u\000p\000d\000a\000t\000e\000\040\000t\000r\036\361\000c\000\040\000t\000i\036\277\000p}{chapter.10}% 101
\BOOKMARK [0][-]{chapter.11}{\376\377\000B\036\243\000o\000\040\000m\036\255\000t\000\040\000h\036\307\000\040\000t\000h\036\321\000n\000g}{}% 102
\BOOKMARK [1][-]{section.11.1}{\376\377\000B\036\243\000o\000\040\000m\036\255\000t\000\040\000t\000r\000\352\000n\000\040\000t\000h\000i\036\277\000t\000\040\000b\036\313\000\040\000d\000i\000\040\001\021\036\331\000n\000g}{chapter.11}% 103
\BOOKMARK [1][-]{section.11.2}{\376\377\000B\036\243\000o\000\040\000m\036\255\000t\000\040\000A\000P\000I}{chapter.11}% 104
\BOOKMARK [1][-]{section.11.3}{\376\377\000B\036\243\000o\000\040\000m\036\255\000t\000\040\000d\036\357\000\040\000l\000i\036\307\000u\000\040\000v\000\340\000\040\000v\036\255\000n\000\040\000h\000\340\000n\000h}{chapter.11}% 105
\BOOKMARK [1][-]{section.11.4}{\376\377\000R\036\347\000i\000\040\000r\000o\000\040\000v\000\340\000\040\000b\000i\036\307\000n\000\040\000p\000h\000\341\000p\000\040\000g\000i\036\243\000m\000\040\000t\000h\000i\036\303\000u}{chapter.11}% 106
\BOOKMARK [0][-]{chapter.12}{\376\377\000T\000r\000i\036\303\000n\000\040\000k\000h\000a\000i\000,\000\040\000k\000i\036\303\000m\000\040\000t\000h\036\355\000\040\000v\000\340\000\040\000v\036\255\000n\000\040\000h\000\340\000n\000h}{}% 107
\BOOKMARK [1][-]{section.12.1}{\376\377\000C\000\341\000c\000\040\000b\001\260\036\333\000c\000\040\000t\000r\000i\036\303\000n\000\040\000k\000h\000a\000i\000\040\000l\000o\000c\000a\000l}{chapter.12}% 108
\BOOKMARK [2][-]{subsection.12.1.1}{\376\377\000M\000o\000b\000i\000l\000e\000\040\000a\000p\000p}{section.12.1}% 109
\BOOKMARK [2][-]{subsection.12.1.2}{\376\377\000B\000a\000c\000k\000e\000n\000d\000\040\000c\000h\000\355\000n\000h}{section.12.1}% 110
\BOOKMARK [2][-]{subsection.12.1.3}{\376\377\000P\0002\000P\000\040\000b\000a\000c\000k\000e\000n\000d}{section.12.1}% 111
\BOOKMARK [1][-]{section.12.2}{\376\377\000S\000e\000t\000u\000p\000\040\000d\036\357\000\040\000l\000i\036\307\000u\000\040\000S\000u\000p\000a\000b\000a\000s\000e}{chapter.12}% 112
\BOOKMARK [1][-]{section.12.3}{\376\377\000K\036\313\000c\000h\000\040\000b\036\243\000n\000\040\000k\000i\036\303\000m\000\040\000t\000h\036\355\000\040\000c\000h\036\351\000c\000\040\000n\001\003\000n\000g}{chapter.12}% 113
\BOOKMARK [2][-]{subsection.12.3.1}{\376\377\000K\036\313\000c\000h\000\040\000b\036\243\000n\000\040\001\021\001\003\000n\000g\000\040\000n\000h\036\255\000p}{section.12.3}% 114
\BOOKMARK [2][-]{subsection.12.3.2}{\376\377\000K\036\313\000c\000h\000\040\000b\036\243\000n\000\040\000N\000F\000T}{section.12.3}% 115
\BOOKMARK [2][-]{subsection.12.3.3}{\376\377\000K\036\313\000c\000h\000\040\000b\036\243\000n\000\040\000P\0002\000P}{section.12.3}% 116
\BOOKMARK [1][-]{section.12.4}{\376\377\000K\036\313\000c\000h\000\040\000b\036\243\000n\000\040\000k\000i\036\303\000m\000\040\000t\000h\036\355\000\040\000l\036\327\000i}{chapter.12}% 117
\BOOKMARK [1][-]{section.12.5}{\376\377\000V\036\255\000n\000\040\000h\000\340\000n\000h\000\040\000v\000\340\000\040\000g\000i\000\341\000m\000\040\000s\000\341\000t\000\040\001\021\036\301\000\040\000x\000u\036\245\000t}{chapter.12}% 118
\BOOKMARK [2][-]{subsection.12.5.1}{\376\377\000Q\000u\000a\000n\000\040\000s\000\341\000t\000\040\000k\036\371\000\040\000t\000h\000u\036\255\000t}{section.12.5}% 119
\BOOKMARK [2][-]{subsection.12.5.2}{\376\377\000Q\000u\000a\000n\000\040\000s\000\341\000t\000\040\000n\000g\000h\000i\036\307\000p\000\040\000v\036\345}{section.12.5}% 120
\BOOKMARK [0][-]{chapter.13}{\376\377\000S\000o\000\040\000s\000\341\000n\000h\000\040\000v\036\333\000i\000\040\001\021\036\313\000n\000h\000\040\000h\001\260\036\333\000n\000g\000\040\000p\000r\000o\000d\000u\000c\000t\000i\000o\000n\000\040\000t\000r\000o\000n\000g\000\040\000r\000e\000p\000o}{}% 121
\BOOKMARK [1][-]{section.13.1}{\376\377\000H\000i\036\307\000n\000\040\000t\000r\036\241\000n\000g\000\040\000M\000V\000P}{chapter.13}% 122
\BOOKMARK [1][-]{section.13.2}{\376\377\001\020\036\313\000n\000h\000\040\000h\001\260\036\333\000n\000g\000\040\000p\000r\000o\000d\000u\000c\000t\000i\000o\000n\000-\000g\000r\000a\000d\000e\000\040\000\050\000t\000h\000e\000o\000\040\000d\000o\000c\000s\000/\000d\000e\000x\000-\000a\000r\000c\000h\000i\000t\000e\000c\000t\000u\000r\000e\000\051}{chapter.13}% 123
\BOOKMARK [1][-]{section.13.3}{\376\377\000K\000h\000o\036\243\000n\000g\000\040\000c\000\341\000c\000h\000\040\000c\036\247\000n\000\040\000h\000o\000\340\000n\000\040\000t\000h\000i\036\307\000n}{chapter.13}% 124
\BOOKMARK [0][-]{chapter.14}{\376\377\001\020\000\341\000n\000h\000\040\000g\000i\000\341\000\040\000k\036\277\000t\000\040\000q\000u\036\243}{}% 125
\BOOKMARK [1][-]{section.14.1}{\376\377\001\257\000u\000\040\001\021\000i\036\303\000m}{chapter.14}% 126
\BOOKMARK [1][-]{section.14.2}{\376\377\000H\036\241\000n\000\040\000c\000h\036\277}{chapter.14}% 127
\BOOKMARK [1][-]{section.14.3}{\376\377\000B\000\340\000i\000\040\000h\036\315\000c\000\040\000r\000\372\000t\000\040\000r\000a}{chapter.14}% 128
\BOOKMARK [0][-]{chapter.15}{\376\377\001\020\036\313\000n\000h\000\040\000h\001\260\036\333\000n\000g\000\040\000p\000h\000\341\000t\000\040\000t\000r\000i\036\303\000n\000\040\000t\000i\036\277\000p\000\040\000t\000h\000e\000o}{}% 129
\BOOKMARK [1][-]{section.15.1}{\376\377\000N\000g\036\257\000n\000\040\000h\036\241\000n}{chapter.15}% 130
\BOOKMARK [1][-]{section.15.2}{\376\377\000T\000r\000u\000n\000g\000\040\000h\036\241\000n}{chapter.15}% 131
\BOOKMARK [1][-]{section.15.3}{\376\377\000D\000\340\000i\000\040\000h\036\241\000n}{chapter.15}% 132
\BOOKMARK [0][-]{chapter.16}{\376\377\000K\036\277\000t\000\040\000l\000u\036\255\000n}{}% 133
\BOOKMARK [0][-]{appendix.A}{\376\377\000P\000h\036\345\000\040\000l\036\345\000c\000\040\000A\000:\000\040\000D\000a\000n\000h\000\040\000s\000\341\000c\000h\000\040\000e\000n\000d\000p\000o\000i\000n\000t\000\040\000t\036\325\000n\000g\000\040\000h\036\343\000p}{}% 134
\BOOKMARK [0][-]{appendix.B}{\376\377\000P\000h\036\345\000\040\000l\036\345\000c\000\040\000B\000:\000\040\000C\036\245\000u\000\040\000t\000r\000\372\000c\000\040\000t\000h\001\260\000\040\000m\036\345\000c\000\040\000t\000h\000a\000m\000\040\000k\000h\036\243\000o}{}% 135
